app/build/intermediates/manifest_merge_blame_file/debug/manifest-merger-blame-debug-report.txt
1<?xml version="1.0" encoding="utf-8"?>
2<manifest xmlns:android="http://schemas.android.com/apk/res/android"
3    package="com.mooc.ppjoke"
4    android:versionCode="1"
5    android:versionName="1.0" >
6
7    <uses-sdk
8        android:minSdkVersion="21"
8-->src\main\AndroidManifest.xml
9        android:targetSdkVersion="29" />
9-->src\main\AndroidManifest.xml
10
11    <uses-permission android:name="android.permission.INTERNET" />
11-->src\main\AndroidManifest.xml:5:5-67
11-->src\main\AndroidManifest.xml:5:22-64
12    <uses-permission android:name="android.permission.ACCESS_NETWORK_STATE" />
12-->src\main\AndroidManifest.xml:6:5-79
12-->src\main\AndroidManifest.xml:6:22-76
13    <uses-permission android:name="android.permission.WRITE_EXTERNAL_STORAGE" />
13-->src\main\AndroidManifest.xml:7:5-81
13-->src\main\AndroidManifest.xml:7:22-78
14    <uses-permission android:name="android.permission.READ_EXTERNAL_STORAGE" />
14-->src\main\AndroidManifest.xml:8:5-80
14-->src\main\AndroidManifest.xml:8:22-77
15    <uses-permission android:name="android.permission.CAMERA" />
15-->src\main\AndroidManifest.xml:9:5-65
15-->src\main\AndroidManifest.xml:9:22-62
16    <uses-permission android:name="android.permission.RECORD_AUDIO" />
16-->src\main\AndroidManifest.xml:10:5-71
16-->src\main\AndroidManifest.xml:10:22-68
17    <uses-permission android:name="android.permission.FLASHLIGHT" />
17-->src\main\AndroidManifest.xml:11:5-69
17-->src\main\AndroidManifest.xml:11:22-66
18    <uses-permission android:name="android.permission.READ_PHONE_STATE" />
18-->src\main\AndroidManifest.xml:12:5-75
18-->src\main\AndroidManifest.xml:12:22-72
19    <uses-permission android:name="android.permission.ACCESS_WIFI_STATE" />
19-->src\main\AndroidManifest.xml:13:5-76
19-->src\main\AndroidManifest.xml:13:22-73
20    <uses-permission android:name="android.permission.READ_LOGS" />
20-->src\main\AndroidManifest.xml:14:5-68
20-->src\main\AndroidManifest.xml:14:22-65
21    <uses-permission android:name="android.permission.WAKE_LOCK" />
21-->[androidx.work:work-runtime:2.2.0] AndroidManifest.xml:25:5-68
21-->[androidx.work:work-runtime:2.2.0] AndroidManifest.xml:25:22-65
22    <uses-permission android:name="android.permission.RECEIVE_BOOT_COMPLETED" />
22-->[androidx.work:work-runtime:2.2.0] AndroidManifest.xml:27:5-81
22-->[androidx.work:work-runtime:2.2.0] AndroidManifest.xml:27:22-78
23    <uses-permission android:name="android.permission.CHANGE_WIFI_STATE" />
23-->[com.aliyun.dpa:oss-android-sdk:2.9.5] AndroidManifest.xml:15:5-76
23-->[com.aliyun.dpa:oss-android-sdk:2.9.5] AndroidManifest.xml:15:22-73
24
25    <application
25-->src\main\AndroidManifest.xml:17:5-88:19
26        android:name="com.mooc.ppjoke.JokeApplication"
26-->src\main\AndroidManifest.xml:18:9-40
27        android:allowBackup="true"
27-->src\main\AndroidManifest.xml:19:9-35
28        android:appComponentFactory="androidx.core.app.CoreComponentFactory"
28-->[androidx.core:core:1.1.0] AndroidManifest.xml:24:18-86
29        android:debuggable="true"
30        android:icon="@mipmap/icon_jetpack"
30-->src\main\AndroidManifest.xml:20:9-44
31        android:label="@string/app_name"
31-->src\main\AndroidManifest.xml:21:9-41
32        android:roundIcon="@mipmap/icon_jetpack"
32-->src\main\AndroidManifest.xml:22:9-49
33        android:supportsRtl="true"
33-->src\main\AndroidManifest.xml:23:9-35
34        android:testOnly="true"
35        android:theme="@style/AppTheme"
35-->src\main\AndroidManifest.xml:24:9-40
36        android:usesCleartextTraffic="true" >
36-->src\main\AndroidManifest.xml:25:9-44
37
38        <!-- 这是是QQ快捷登录SDK 里面包含但没用的 apache的类，需要在这里通过uses-library去除掉 -->
39        <uses-library
39-->src\main\AndroidManifest.xml:27:9-29:40
40            android:name="org.apache.http.legacy"
40-->src\main\AndroidManifest.xml:28:13-50
41            android:required="false" />
41-->src\main\AndroidManifest.xml:29:13-37
42
43        <activity
43-->src\main\AndroidManifest.xml:31:9-40:20
44            android:name="com.mooc.ppjoke.MainActivity"
44-->src\main\AndroidManifest.xml:32:13-41
45            android:label="@string/app_name"
45-->src\main\AndroidManifest.xml:33:13-45
46            android:theme="@style/launcher" >
46-->src\main\AndroidManifest.xml:34:13-44
47            <intent-filter>
47-->src\main\AndroidManifest.xml:35:13-39:29
48                <action android:name="android.intent.action.MAIN" />
48-->src\main\AndroidManifest.xml:36:17-69
48-->src\main\AndroidManifest.xml:36:25-66
49
50                <category android:name="android.intent.category.LAUNCHER" />
50-->src\main\AndroidManifest.xml:38:17-77
50-->src\main\AndroidManifest.xml:38:27-74
51            </intent-filter>
52        </activity>
53        <activity
53-->src\main\AndroidManifest.xml:42:9-44:61
54            android:name="com.mooc.ppjoke.ui.publish.PublishActivity"
54-->src\main\AndroidManifest.xml:43:13-55
55            android:screenOrientation="portrait" />
55-->src\main\AndroidManifest.xml:44:13-49
56        <activity
56-->src\main\AndroidManifest.xml:45:9-48:55
57            android:name="com.mooc.ppjoke.ui.publish.CaptureActivity"
57-->src\main\AndroidManifest.xml:46:13-55
58            android:screenOrientation="portrait"
58-->src\main\AndroidManifest.xml:47:13-49
59            android:theme="@style/capture" />
59-->src\main\AndroidManifest.xml:48:13-43
60        <activity
60-->src\main\AndroidManifest.xml:50:9-53:55
61            android:name="com.mooc.ppjoke.ui.publish.PreviewActivity"
61-->src\main\AndroidManifest.xml:51:13-55
62            android:screenOrientation="portrait"
62-->src\main\AndroidManifest.xml:52:13-49
63            android:theme="@style/preview" />
63-->src\main\AndroidManifest.xml:53:13-43
64        <activity android:name="com.mooc.ppjoke.ui.login.LoginActivity" />
64-->src\main\AndroidManifest.xml:55:9-69
64-->src\main\AndroidManifest.xml:55:19-57
65        <activity
65-->src\main\AndroidManifest.xml:57:9-60:58
66            android:name="com.mooc.ppjoke.ui.detail.FeedDetailActivity"
66-->src\main\AndroidManifest.xml:58:13-57
67            android:screenOrientation="portrait"
67-->src\main\AndroidManifest.xml:59:13-49
68            android:theme="@style/feedDetail" />
68-->src\main\AndroidManifest.xml:60:13-46
69        <activity android:name="com.mooc.ppjoke.ui.find.TagFeedListActivity" />
69-->src\main\AndroidManifest.xml:62:9-74
69-->src\main\AndroidManifest.xml:62:19-62
70        <activity android:name="com.mooc.ppjoke.ui.my.ProfileActivity" />
70-->src\main\AndroidManifest.xml:64:9-68
70-->src\main\AndroidManifest.xml:64:19-56
71        <activity android:name="com.mooc.ppjoke.ui.my.UserBehaviorListActivity" />
71-->src\main\AndroidManifest.xml:66:9-77
71-->src\main\AndroidManifest.xml:66:19-65
72
73        <!-- 注册SDKActivity -->
74        <activity
74-->src\main\AndroidManifest.xml:70:9-83:20
75            android:name="com.tencent.tauth.AuthActivity"
75-->src\main\AndroidManifest.xml:71:13-58
76            android:launchMode="singleTask"
76-->src\main\AndroidManifest.xml:72:13-44
77            android:noHistory="true"
77-->src\main\AndroidManifest.xml:73:13-37
78            android:screenOrientation="portrait" >
78-->src\main\AndroidManifest.xml:74:13-49
79            <intent-filter>
79-->src\main\AndroidManifest.xml:75:13-82:29
80                <action android:name="android.intent.action.VIEW" />
80-->src\main\AndroidManifest.xml:76:17-69
80-->src\main\AndroidManifest.xml:76:25-66
81
82                <category android:name="android.intent.category.DEFAULT" />
82-->src\main\AndroidManifest.xml:78:17-76
82-->src\main\AndroidManifest.xml:78:27-73
83                <category android:name="android.intent.category.BROWSABLE" />
83-->src\main\AndroidManifest.xml:79:17-78
83-->src\main\AndroidManifest.xml:79:27-75
84
85                <data android:scheme="tencent101794421" />
85-->src\main\AndroidManifest.xml:81:17-59
85-->src\main\AndroidManifest.xml:81:23-56
86            </intent-filter>
87        </activity>
88        <activity
88-->src\main\AndroidManifest.xml:84:9-86:75
89            android:name="com.tencent.connect.common.AssistActivity"
89-->src\main\AndroidManifest.xml:85:13-69
90            android:theme="@android:style/Theme.Translucent.NoTitleBar" />
90-->src\main\AndroidManifest.xml:86:13-72
91
92        <provider
92-->[androidx.lifecycle:lifecycle-process:2.1.0] AndroidManifest.xml:23:9-27:43
93            android:name="androidx.lifecycle.ProcessLifecycleOwnerInitializer"
93-->[androidx.lifecycle:lifecycle-process:2.1.0] AndroidManifest.xml:24:13-79
94            android:authorities="com.mooc.ppjoke.lifecycle-process"
94-->[androidx.lifecycle:lifecycle-process:2.1.0] AndroidManifest.xml:25:13-69
95            android:exported="false"
95-->[androidx.lifecycle:lifecycle-process:2.1.0] AndroidManifest.xml:26:13-37
96            android:multiprocess="true" />
96-->[androidx.lifecycle:lifecycle-process:2.1.0] AndroidManifest.xml:27:13-40
97        <provider
97-->[androidx.work:work-runtime:2.2.0] AndroidManifest.xml:30:9-36:35
98            android:name="androidx.work.impl.WorkManagerInitializer"
98-->[androidx.work:work-runtime:2.2.0] AndroidManifest.xml:31:13-69
99            android:authorities="com.mooc.ppjoke.workmanager-init"
99-->[androidx.work:work-runtime:2.2.0] AndroidManifest.xml:32:13-68
100            android:directBootAware="false"
100-->[androidx.work:work-runtime:2.2.0] AndroidManifest.xml:33:13-44
101            android:exported="false"
101-->[androidx.work:work-runtime:2.2.0] AndroidManifest.xml:34:13-37
102            android:multiprocess="true" />
102-->[androidx.work:work-runtime:2.2.0] AndroidManifest.xml:35:13-40
103
104        <service
104-->[androidx.work:work-runtime:2.2.0] AndroidManifest.xml:38:9-43:35
105            android:name="androidx.work.impl.background.systemalarm.SystemAlarmService"
105-->[androidx.work:work-runtime:2.2.0] AndroidManifest.xml:39:13-88
106            android:directBootAware="false"
106-->[androidx.work:work-runtime:2.2.0] AndroidManifest.xml:40:13-44
107            android:enabled="@bool/enable_system_alarm_service_default"
107-->[androidx.work:work-runtime:2.2.0] AndroidManifest.xml:41:13-72
108            android:exported="false" />
108-->[androidx.work:work-runtime:2.2.0] AndroidManifest.xml:42:13-37
109        <service
109-->[androidx.work:work-runtime:2.2.0] AndroidManifest.xml:44:9-50:35
110            android:name="androidx.work.impl.background.systemjob.SystemJobService"
110-->[androidx.work:work-runtime:2.2.0] AndroidManifest.xml:45:13-84
111            android:directBootAware="false"
111-->[androidx.work:work-runtime:2.2.0] AndroidManifest.xml:46:13-44
112            android:enabled="@bool/enable_system_job_service_default"
112-->[androidx.work:work-runtime:2.2.0] AndroidManifest.xml:47:13-70
113            android:exported="true"
113-->[androidx.work:work-runtime:2.2.0] AndroidManifest.xml:48:13-36
114            android:permission="android.permission.BIND_JOB_SERVICE" />
114-->[androidx.work:work-runtime:2.2.0] AndroidManifest.xml:49:13-69
115
116        <receiver
116-->[androidx.work:work-runtime:2.2.0] AndroidManifest.xml:52:9-57:35
117            android:name="androidx.work.impl.utils.ForceStopRunnable$BroadcastReceiver"
117-->[androidx.work:work-runtime:2.2.0] AndroidManifest.xml:53:13-88
118            android:directBootAware="false"
118-->[androidx.work:work-runtime:2.2.0] AndroidManifest.xml:54:13-44
119            android:enabled="true"
119-->[androidx.work:work-runtime:2.2.0] AndroidManifest.xml:55:13-35
120            android:exported="false" />
120-->[androidx.work:work-runtime:2.2.0] AndroidManifest.xml:56:13-37
121        <receiver
121-->[androidx.work:work-runtime:2.2.0] AndroidManifest.xml:58:9-68:20
122            android:name="androidx.work.impl.background.systemalarm.ConstraintProxy$BatteryChargingProxy"
122-->[androidx.work:work-runtime:2.2.0] AndroidManifest.xml:59:13-106
123            android:directBootAware="false"
123-->[androidx.work:work-runtime:2.2.0] AndroidManifest.xml:60:13-44
124            android:enabled="false"
124-->[androidx.work:work-runtime:2.2.0] AndroidManifest.xml:61:13-36
125            android:exported="false" >
125-->[androidx.work:work-runtime:2.2.0] AndroidManifest.xml:62:13-37
126            <intent-filter>
126-->[androidx.work:work-runtime:2.2.0] AndroidManifest.xml:64:13-67:29
127                <action android:name="android.intent.action.ACTION_POWER_CONNECTED" />
127-->[androidx.work:work-runtime:2.2.0] AndroidManifest.xml:65:17-87
127-->[androidx.work:work-runtime:2.2.0] AndroidManifest.xml:65:25-84
128                <action android:name="android.intent.action.ACTION_POWER_DISCONNECTED" />
128-->[androidx.work:work-runtime:2.2.0] AndroidManifest.xml:66:17-90
128-->[androidx.work:work-runtime:2.2.0] AndroidManifest.xml:66:25-87
129            </intent-filter>
130        </receiver>
131        <receiver
131-->[androidx.work:work-runtime:2.2.0] AndroidManifest.xml:69:9-79:20
132            android:name="androidx.work.impl.background.systemalarm.ConstraintProxy$BatteryNotLowProxy"
132-->[androidx.work:work-runtime:2.2.0] AndroidManifest.xml:70:13-104
133            android:directBootAware="false"
133-->[androidx.work:work-runtime:2.2.0] AndroidManifest.xml:71:13-44
134            android:enabled="false"
134-->[androidx.work:work-runtime:2.2.0] AndroidManifest.xml:72:13-36
135            android:exported="false" >
135-->[androidx.work:work-runtime:2.2.0] AndroidManifest.xml:73:13-37
136            <intent-filter>
136-->[androidx.work:work-runtime:2.2.0] AndroidManifest.xml:75:13-78:29
137                <action android:name="android.intent.action.BATTERY_OKAY" />
137-->[androidx.work:work-runtime:2.2.0] AndroidManifest.xml:76:17-77
137-->[androidx.work:work-runtime:2.2.0] AndroidManifest.xml:76:25-74
138                <action android:name="android.intent.action.BATTERY_LOW" />
138-->[androidx.work:work-runtime:2.2.0] AndroidManifest.xml:77:17-76
138-->[androidx.work:work-runtime:2.2.0] AndroidManifest.xml:77:25-73
139            </intent-filter>
140        </receiver>
141        <receiver
141-->[androidx.work:work-runtime:2.2.0] AndroidManifest.xml:80:9-90:20
142            android:name="androidx.work.impl.background.systemalarm.ConstraintProxy$StorageNotLowProxy"
142-->[androidx.work:work-runtime:2.2.0] AndroidManifest.xml:81:13-104
143            android:directBootAware="false"
143-->[androidx.work:work-runtime:2.2.0] AndroidManifest.xml:82:13-44
144            android:enabled="false"
144-->[androidx.work:work-runtime:2.2.0] AndroidManifest.xml:83:13-36
145            android:exported="false" >
145-->[androidx.work:work-runtime:2.2.0] AndroidManifest.xml:84:13-37
146            <intent-filter>
146-->[androidx.work:work-runtime:2.2.0] AndroidManifest.xml:86:13-89:29
147                <action android:name="android.intent.action.DEVICE_STORAGE_LOW" />
147-->[androidx.work:work-runtime:2.2.0] AndroidManifest.xml:87:17-83
147-->[androidx.work:work-runtime:2.2.0] AndroidManifest.xml:87:25-80
148                <action android:name="android.intent.action.DEVICE_STORAGE_OK" />
148-->[androidx.work:work-runtime:2.2.0] AndroidManifest.xml:88:17-82
148-->[androidx.work:work-runtime:2.2.0] AndroidManifest.xml:88:25-79
149            </intent-filter>
150        </receiver>
151        <receiver
151-->[androidx.work:work-runtime:2.2.0] AndroidManifest.xml:91:9-100:20
152            android:name="androidx.work.impl.background.systemalarm.ConstraintProxy$NetworkStateProxy"
152-->[androidx.work:work-runtime:2.2.0] AndroidManifest.xml:92:13-103
153            android:directBootAware="false"
153-->[androidx.work:work-runtime:2.2.0] AndroidManifest.xml:93:13-44
154            android:enabled="false"
154-->[androidx.work:work-runtime:2.2.0] AndroidManifest.xml:94:13-36
155            android:exported="false" >
155-->[androidx.work:work-runtime:2.2.0] AndroidManifest.xml:95:13-37
156            <intent-filter>
156-->[androidx.work:work-runtime:2.2.0] AndroidManifest.xml:97:13-99:29
157                <action android:name="android.net.conn.CONNECTIVITY_CHANGE" />
157-->[androidx.work:work-runtime:2.2.0] AndroidManifest.xml:98:17-79
157-->[androidx.work:work-runtime:2.2.0] AndroidManifest.xml:98:25-76
158            </intent-filter>
159        </receiver>
160        <receiver
160-->[androidx.work:work-runtime:2.2.0] AndroidManifest.xml:101:9-112:20
161            android:name="androidx.work.impl.background.systemalarm.RescheduleReceiver"
161-->[androidx.work:work-runtime:2.2.0] AndroidManifest.xml:102:13-88
162            android:directBootAware="false"
162-->[androidx.work:work-runtime:2.2.0] AndroidManifest.xml:103:13-44
163            android:enabled="false"
163-->[androidx.work:work-runtime:2.2.0] AndroidManifest.xml:104:13-36
164            android:exported="false" >
164-->[androidx.work:work-runtime:2.2.0] AndroidManifest.xml:105:13-37
165            <intent-filter>
165-->[androidx.work:work-runtime:2.2.0] AndroidManifest.xml:107:13-111:29
166                <action android:name="android.intent.action.BOOT_COMPLETED" />
166-->[androidx.work:work-runtime:2.2.0] AndroidManifest.xml:108:17-79
166-->[androidx.work:work-runtime:2.2.0] AndroidManifest.xml:108:25-76
167                <action android:name="android.intent.action.TIME_SET" />
167-->[androidx.work:work-runtime:2.2.0] AndroidManifest.xml:109:17-73
167-->[androidx.work:work-runtime:2.2.0] AndroidManifest.xml:109:25-70
168                <action android:name="android.intent.action.TIMEZONE_CHANGED" />
168-->[androidx.work:work-runtime:2.2.0] AndroidManifest.xml:110:17-81
168-->[androidx.work:work-runtime:2.2.0] AndroidManifest.xml:110:25-78
169            </intent-filter>
170        </receiver>
171        <receiver
171-->[androidx.work:work-runtime:2.2.0] AndroidManifest.xml:113:9-122:20
172            android:name="androidx.work.impl.background.systemalarm.ConstraintProxyUpdateReceiver"
172-->[androidx.work:work-runtime:2.2.0] AndroidManifest.xml:114:13-99
173            android:directBootAware="false"
173-->[androidx.work:work-runtime:2.2.0] AndroidManifest.xml:115:13-44
174            android:enabled="@bool/enable_system_alarm_service_default"
174-->[androidx.work:work-runtime:2.2.0] AndroidManifest.xml:116:13-72
175            android:exported="false" >
175-->[androidx.work:work-runtime:2.2.0] AndroidManifest.xml:117:13-37
176            <intent-filter>
176-->[androidx.work:work-runtime:2.2.0] AndroidManifest.xml:119:13-121:29
177                <action android:name="androidx.work.impl.background.systemalarm.UpdateProxies" />
177-->[androidx.work:work-runtime:2.2.0] AndroidManifest.xml:120:17-98
177-->[androidx.work:work-runtime:2.2.0] AndroidManifest.xml:120:25-95
178            </intent-filter>
179        </receiver>
180
181        <uses-library
181-->[androidx.camera:camera-extensions:1.0.0-alpha01] AndroidManifest.xml:25:9-27:40
182            android:name="androidx.camera.extensions.impl"
182-->[androidx.camera:camera-extensions:1.0.0-alpha01] AndroidManifest.xml:26:13-59
183            android:required="false" />
183-->[androidx.camera:camera-extensions:1.0.0-alpha01] AndroidManifest.xml:27:13-37
184
185        <provider
185-->[androidx.camera:camera-camera2:1.0.0-alpha04] AndroidManifest.xml:25:9-30:43
186            android:name="androidx.camera.camera2.impl.Camera2Initializer"
186-->[androidx.camera:camera-camera2:1.0.0-alpha04] AndroidManifest.xml:26:13-75
187            android:authorities="com.mooc.ppjoke.camerax-init"
187-->[androidx.camera:camera-camera2:1.0.0-alpha04] AndroidManifest.xml:27:13-64
188            android:exported="false"
188-->[androidx.camera:camera-camera2:1.0.0-alpha04] AndroidManifest.xml:28:13-37
189            android:initOrder="100"
189-->[androidx.camera:camera-camera2:1.0.0-alpha04] AndroidManifest.xml:29:13-36
190            android:multiprocess="true" />
190-->[androidx.camera:camera-camera2:1.0.0-alpha04] AndroidManifest.xml:30:13-40
191
192        <service
192-->[androidx.room:room-runtime:2.1.0] AndroidManifest.xml:25:9-27:40
193            android:name="androidx.room.MultiInstanceInvalidationService"
193-->[androidx.room:room-runtime:2.1.0] AndroidManifest.xml:26:13-74
194            android:exported="false" />
194-->[androidx.room:room-runtime:2.1.0] AndroidManifest.xml:27:13-37
195    </application>
196
197</manifest>